blackbox version 3.4
command line:  /ud/cscgrd/binhminh/blackbox/blackbox-ver3.4/blackbox -o domain.pddl -f prob02.pddl -solver relsat

Begin solver specification
    -maxint        0   -maxsec 0.000000  relsat
End solver specification
Loading domain file: domain.pddl
Loading fact file: prob02.pddl
Problem name: fixb
Facts loaded.
time: 1, 45 facts and 5 exclusive pairs.
time: 2, 46 facts and 11 exclusive pairs.
time: 3, 49 facts and 22 exclusive pairs.
time: 4, 49 facts and 19 exclusive pairs.
time: 5, 49 facts and 16 exclusive pairs.
time: 6, 49 facts and 16 exclusive pairs.
998 nodes created.

####################################################
goals at time 7:
  attached_c2 ok_c2 fridge-on_f1 


----------------------------------------------------
** Turning off completeness check **
Converting graph to wff
bb_soln array length 558 out of 1024
557 variables
17089 clauses
Invoking solver rel_sat_rand
*************** Attention: Seed = 4882672 ***********************
rel_sat_r 1.0
seed: 4882672
cutoff seconds: 0
cutoff backtracks: 1000000
fudge: 10 0.8 0.9
trials: 10
learning: 3
number solutions: 1
dump flag is 0
number variables: 557
number clauses: 17089

[trial] solver result time backtracks branches assigns avg_choices seed

[1] Start trial
[1] SOLVED - instance is satisfiable
[1] rel_sat_r  SAT 0.2 49 51 4242 8.11111 4882672
The instance is satisfiable
Result is Sat
Iteration was 67

----------------------------------------------------
Begin plan
1 (unfasten s2 b1)
1 (stop-fridge f1)
1 (unfasten s3 b1)
1 (unfasten s4 b1)
1 (unfasten s1 b1)
2 (remove-backplane b1 f1 s2 s4 s1 s3)
3 (change-compressor c1 c2 b1)
4 (attach-backplane b1 f1 s2 s4 s3 s1)
5 (fasten s2 b1)
5 (fasten s3 b1)
5 (fasten s4 b1)
5 (fasten s1 b1)
6 (start-fridge f1 s1 s4 s3 s2 b1)
End plan
----------------------------------------------------

13 total actions in plan
0 entries in hash table, 
5 total set-creation steps (entries + hits + plan length - 1)
0 actions tried

####################################################
Total elapsed time:   1.28 seconds
Time in milliseconds: 1279

####################################################
