blackbox version 3.4
command line:  /ud/cscgrd/binhminh/blackbox/blackbox-ver3.4/blackbox -o domain.pddl -f prob02.pddl -solver satz

Begin solver specification
    -maxint        0   -maxsec 0.000000  satz
End solver specification
Loading domain file: domain.pddl
Loading fact file: prob02.pddl
Problem name: fixb
Facts loaded.
time: 1, 45 facts and 5 exclusive pairs.
time: 2, 46 facts and 11 exclusive pairs.
time: 3, 49 facts and 22 exclusive pairs.
time: 4, 49 facts and 19 exclusive pairs.
time: 5, 49 facts and 16 exclusive pairs.
time: 6, 49 facts and 16 exclusive pairs.
998 nodes created.

####################################################
goals at time 7:
  attached_c2 ok_c2 fridge-on_f1 


----------------------------------------------------
** Turning off completeness check **
Converting graph to wff
bb_soln array length 558 out of 1024
557 variables
17089 clauses
Invoking solver satz version satz-rand-2.2
seed: 36969962
cutoff: 1000000000
noise: 0.000000
restart: 1
fields: NB_BACK NB_BRANCH NB_OP NB_NOOP NB_SEARCH time sat
Wff loaded
[1] begin restart
**** the instance is satisfiable *****
**** verification of solution is OK ****
[1] satz-rand-2.2 3 10 6 1 755 97 1.710 1

total elapsed seconds = 1.710000
average backtracks per second = 1
number solutions found = 1
final success rate = 100.000000
average backtracks per successful restart = 3
mean backtracks until solution = 3.000000
mean seconds until solution = 1.710000
mean restarts until solution = 1.000000
mean choices each branchpoint (noise level) = 12.000000
  variance = 277.142857
  standard deviation = 16.647608
  standard error of mean = 6.292204
Program terminated in 1.710 seconds.
Result is Sat
Iteration was 3

----------------------------------------------------
Begin plan
1 (unfasten s2 b1)
1 (stop-fridge f1)
1 (unfasten s3 b1)
1 (unfasten s4 b1)
1 (unfasten s1 b1)
2 (remove-backplane b1 f1 s2 s4 s3 s1)
3 (change-compressor c1 c2 b1)
4 (attach-backplane b1 f1 s4 s3 s2 s1)
5 (fasten s2 b1)
5 (fasten s3 b1)
5 (fasten s4 b1)
5 (fasten s1 b1)
6 (start-fridge f1 s4 s2 s1 s3 b1)
End plan
----------------------------------------------------

13 total actions in plan
0 entries in hash table, 
5 total set-creation steps (entries + hits + plan length - 1)
0 actions tried

####################################################
Total elapsed time:   2.93 seconds
Time in milliseconds: 2934

####################################################
